Running: C:\Xilinx\14.7\ISE_DS\ISE\bin\nt64\unwrapped\fuse.exe -intstyle ise -incremental -lib unisims_ver -lib unimacro_ver -lib xilinxcorelib_ver -lib secureip -o C:/Users/Ananya Agrawal/Desktop/Image Processing/ImageProcessing/testbench_isim_beh.exe -prj C:/Users/Ananya Agrawal/Desktop/Image Processing/ImageProcessing/testbench_beh.prj work.testbench work.glbl 
ISim P.20131013 (signature 0x7708f090)
Number of CPUs detected in this system: 8
Turning on mult-threading, number of parallel sub-compilation jobs: 16 
Determining compilation order of HDL files
Analyzing Verilog file "C:/Users/Ananya Agrawal/Desktop/Image Processing/ImageProcessing/ipcore_dir/bram.v" into library work
Analyzing Verilog file "C:/Users/Ananya Agrawal/Desktop/Image Processing/ImageProcessing/image_processor.v" into library work
Analyzing Verilog file "C:/Users/Ananya Agrawal/Desktop/Image Processing/ImageProcessing/testbench.v" into library work
Analyzing Verilog file "C:/Xilinx/14.7/ISE_DS/ISE//verilog/src/glbl.v" into library work
Starting static elaboration
Completed static elaboration
Compiling module image_processor
Compiling module BLK_MEM_GEN_V7_3_output_stage(C_...
Compiling module BLK_MEM_GEN_V7_3_output_stage(C_...
Compiling module BLK_MEM_GEN_V7_3_softecc_output_...
Compiling module BLK_MEM_GEN_V7_3_mem_module(C_CO...
Compiling module BLK_MEM_GEN_V7_3(C_FAMILY="artix...
Compiling module bram
Compiling module testbench
Compiling module glbl
Time Resolution for simulation is 1ps.
Waiting for 1 sub-compilation(s) to finish...
Compiled 9 Verilog Units
Built simulation executable C:/Users/Ananya Agrawal/Desktop/Image Processing/ImageProcessing/testbench_isim_beh.exe
Fuse Memory Usage: 33852 KB
Fuse CPU Usage: 1186 ms
